0 info it worked if it ends with ok
1 verbose cli [ '/usr/bin/node',
1 verbose cli   '/usr/bin/npm',
1 verbose cli   'publish',
1 verbose cli   '--access',
1 verbose cli   'public' ]
2 info using npm@3.5.2
3 info using node@v8.10.0
4 verbose publish [ '.' ]
5 silly cache add args [ '.', null ]
6 verbose cache add spec .
7 silly cache add parsed spec Result {
7 silly cache add   raw: '.',
7 silly cache add   scope: null,
7 silly cache add   name: null,
7 silly cache add   rawSpec: '.',
7 silly cache add   spec: '/home/volkovboris/work/waves-ledger-js',
7 silly cache add   type: 'directory' }
8 verbose addLocalDirectory /home/volkovboris/.npm/@waves/ledger/0.0.2/package.tgz not in flight; packing
9 info lifecycle @waves/ledger@0.0.2~prepublish: @waves/ledger@0.0.2
10 silly lifecycle @waves/ledger@0.0.2~prepublish: no script for prepublish, continuing
11 verbose tar pack [ '/home/volkovboris/.npm/@waves/ledger/0.0.2/package.tgz',
11 verbose tar pack   '/home/volkovboris/work/waves-ledger-js' ]
12 verbose tarball /home/volkovboris/.npm/@waves/ledger/0.0.2/package.tgz
13 verbose folder /home/volkovboris/work/waves-ledger-js
14 verbose addLocalTarball adding from inside cache /home/volkovboris/.npm/@waves/ledger/0.0.2/package.tgz
15 silly cache afterAdd @waves/ledger@0.0.2
16 verbose afterAdd /home/volkovboris/.npm/@waves/ledger/0.0.2/package/package.json not in flight; writing
17 verbose afterAdd /home/volkovboris/.npm/@waves/ledger/0.0.2/package/package.json written
18 silly publish { name: '@waves/ledger',
18 silly publish   version: '0.0.2',
18 silly publish   description: 'Waves ladger lib for browser',
18 silly publish   main: './dist/wavesLedger.js',
18 silly publish   repository:
18 silly publish    { type: 'git',
18 silly publish      url: 'git+https://github.com/wavesplatform/waves-ledger-js.git' },
18 silly publish   scripts: { build: 'gulp buld' },
18 silly publish   keywords: [],
18 silly publish   author:
18 silly publish    { name: 'Waves Platform',
18 silly publish      email: 'info@wavesplatform.com',
18 silly publish      url: 'https://wavesplatform.com' },
18 silly publish   license: 'Apache-2.0',
18 silly publish   devDependencies:
18 silly publish    { '@babel/core': '^7.0.0-beta.53',
18 silly publish      '@babel/plugin-transform-runtime': '^7.0.0-beta.53',
18 silly publish      '@babel/preset-env': '^7.0.0-beta.53',
18 silly publish      '@babel/runtime': '^7.0.0-beta.53',
18 silly publish      babelify: '^9.0.0',
18 silly publish      browserify: '^16.2.2',
18 silly publish      gulp: '^3.9.1',
18 silly publish      'gulp-uglify': '^3.0.1',
18 silly publish      'vinyl-buffer': '^1.0.1',
18 silly publish      'vinyl-source-stream': '^2.0.0' },
18 silly publish   dependencies:
18 silly publish    { '@ledgerhq/hw-transport-u2f': '^4.15.0',
18 silly publish      'babel-runtime': '^6.26.0',
18 silly publish      bs58: '^4.0.1',
18 silly publish      'u2f-api': '^1.0.6' },
18 silly publish   readme: '# Waves sign data by ledger in browser\n\n## Install\n\n```\n$ npm install --save @Waves/ledger\n```\n\n## Usage\n\n#####Create connection\n```js\nconst WavesLedger = require(\'@Waves/ledger\');\nconst ledger = new WavesLedger();\n```\n####Get user by id\n```js\nledger.getUserDataById(id)\n    .then(\n        (user) => {...},\n        (err) => {...}\n    );\n```\n> user = { id, path, wavesAddress, publicKey } \n\nId - is number from 0<br>\nPath - is string in internal ledger format<br>\nwavesAddress - is string in base58 format<br>\npublicKey - is string in base58 format<br>\n\n####Sign data by id\nYou can sign 4 data types\n```js\nledger.signTransaction(userId, asset, data)\n```\nuserId - number<br>\ndata - Array<uInt8> number form 0 to 255\nasset - {precision: number, ...} \n```js\nledger.signSomeData(userId, data)\n```\nuserId - number<br>\ndata - Array<uInt8> number form 0 to 255\n```js\nledger.signRequest(userId, data)\n```\nuserId - number<br>\ndata - Array<uInt8> number form 0 to 255\n```js\nledger.signMessage(userId, data)\n```\nuserId - number<br>\ndata - string\n\nAll methods return Promise with result signature string in base58 format\n',
18 silly publish   readmeFilename: 'readme.md',
18 silly publish   gitHead: 'ad5193ced780755ee119b9766657e9cea7bd9243',
18 silly publish   bugs:
18 silly publish    { url: 'https://github.com/wavesplatform/waves-ledger-js/issues' },
18 silly publish   homepage: 'https://github.com/wavesplatform/waves-ledger-js#readme',
18 silly publish   _id: '@waves/ledger@0.0.2',
18 silly publish   _shasum: '370dfeb6d8e60232bfb5593c5da3333059d5bc08',
18 silly publish   _from: '.' }
19 verbose getPublishConfig undefined
20 silly mapToRegistry name @waves/ledger
21 silly mapToRegistry scope (from package name) @waves
22 verbose mapToRegistry no registry URL found in name for scope @waves
23 silly mapToRegistry using default registry
24 silly mapToRegistry registry https://registry.npmjs.org/
25 silly mapToRegistry uri https://registry.npmjs.org/@waves%2fledger
26 verbose publish registryBase https://registry.npmjs.org/
27 silly publish uploading /home/volkovboris/.npm/@waves/ledger/0.0.2/package.tgz
28 verbose request uri https://registry.npmjs.org/@waves%2fledger
29 verbose request sending authorization for write operation
30 info attempt registry request try #1 at 17:22:21
31 verbose request using bearer token for auth
32 verbose request id e3dc7d4986381572
33 http request PUT https://registry.npmjs.org/@waves%2fledger
34 http 403 https://registry.npmjs.org/@waves%2fledger
35 verbose headers { date: 'Wed, 25 Jul 2018 14:22:23 GMT',
35 verbose headers   'content-type': 'application/json',
35 verbose headers   'transfer-encoding': 'chunked',
35 verbose headers   connection: 'keep-alive',
35 verbose headers   'set-cookie':
35 verbose headers    [ '__cfduid=d5d162735545512e4f6d3b41a997355161532528541; expires=Thu, 25-Jul-19 14:22:21 GMT; path=/; domain=.registry.npmjs.org; HttpOnly' ],
35 verbose headers   'cf-ray': '43ff4737b83b8f8d-DME',
35 verbose headers   'expect-ct': 'max-age=604800, report-uri="https://report-uri.cloudflare.com/cdn-cgi/beacon/expect-ct"',
35 verbose headers   'npm-notice': 'Due to a recent security incident, all user tokens have been invalidated. Please see https://status.npmjs.org/incidents/dn7c1fgrr7ng for more details. To generate a new token, visit https://www.npmjs.com/settings/~/tokens or run "npm login".',
35 verbose headers   server: 'cloudflare',
35 verbose headers   'content-encoding': 'gzip' }
36 warn notice Due to a recent security incident, all user tokens have been invalidated. Please see https://status.npmjs.org/incidents/dn7c1fgrr7ng for more details. To generate a new token, visit https://www.npmjs.com/settings/~/tokens or run "npm login".
37 verbose request invalidating /home/volkovboris/.npm/registry.npmjs.org/_40waves_252fledger on PUT
38 error publish Failed PUT 403
39 verbose stack Error: You cannot publish over the previously published versions: 0.0.2. : @waves/ledger
39 verbose stack     at makeError (/usr/share/npm/node_modules/npm-registry-client/lib/request.js:264:12)
39 verbose stack     at CachingRegistryClient.<anonymous> (/usr/share/npm/node_modules/npm-registry-client/lib/request.js:252:14)
39 verbose stack     at /usr/share/npm/node_modules/npm-registry-client/lib/request.js:178:7
39 verbose stack     at Gunzip.onEnd (zlib.js:131:5)
39 verbose stack     at emitNone (events.js:111:20)
39 verbose stack     at Gunzip.emit (events.js:208:7)
39 verbose stack     at endReadableNT (_stream_readable.js:1064:12)
39 verbose stack     at _combinedTickCallback (internal/process/next_tick.js:138:11)
39 verbose stack     at process._tickCallback (internal/process/next_tick.js:180:9)
40 verbose statusCode 403
41 verbose pkgid @waves/ledger
42 verbose cwd /home/volkovboris/work/waves-ledger-js
43 error Linux 4.15.0-24-generic
44 error argv "/usr/bin/node" "/usr/bin/npm" "publish" "--access" "public"
45 error node v8.10.0
46 error npm  v3.5.2
47 error code E403
48 error You cannot publish over the previously published versions: 0.0.2. : @waves/ledger
49 error If you need help, you may report this error at:
49 error     <https://github.com/npm/npm/issues>
50 verbose exit [ 1, true ]
